actionid: py27
msg: getenv
cmdargs: ['/Users/rubelwi/projects/github/cloudformation-validator/.tox/py27/bin/pip', 'install', 'cov-core', 'pytest', 'pytest-cov', 'mock']

Collecting cov-core
Collecting pytest
  Using cached https://files.pythonhosted.org/packages/d2/86/7b9513da923b94e48c2cf013ae4eae8184a36ebeb7fe27d386bc3db4f56f/pytest-3.7.1-py2.py3-none-any.whl
Collecting pytest-cov
  Using cached https://files.pythonhosted.org/packages/30/7d/7f6a78ae44a1248ee28cc777586c18b28a1df903470e5d34a6e25712b8aa/pytest_cov-2.5.1-py2.py3-none-any.whl
Collecting mock
  Using cached https://files.pythonhosted.org/packages/e6/35/f187bdf23be87092bd0f1200d43d23076cee4d0dec109f195173fd3ebc79/mock-2.0.0-py2.py3-none-any.whl
Collecting coverage>=3.6 (from cov-core)
  Using cached https://files.pythonhosted.org/packages/8a/27/68ca17e26df117a993dec8f590929670f96a976de56d52e6b6c939156013/coverage-4.5.1-cp27-cp27m-macosx_10_12_x86_64.whl
Collecting more-itertools>=4.0.0 (from pytest)
  Using cached https://files.pythonhosted.org/packages/fb/d3/77f337876600747ae307ea775ff264c5304a691941cd347382c7932c60ad/more_itertools-4.3.0-py2-none-any.whl
Requirement already satisfied: setuptools in ./.tox/py27/lib/python2.7/site-packages (from pytest) (40.0.0)
Collecting attrs>=17.4.0 (from pytest)
  Using cached https://files.pythonhosted.org/packages/41/59/cedf87e91ed541be7957c501a92102f9cc6363c623a7666d69d51c78ac5b/attrs-18.1.0-py2.py3-none-any.whl
Collecting pluggy>=0.7 (from pytest)
  Using cached https://files.pythonhosted.org/packages/f5/f1/5a93c118663896d83f7bcbfb7f657ce1d0c0d617e6b4a443a53abcc658ca/pluggy-0.7.1-py2.py3-none-any.whl
Collecting funcsigs; python_version < "3.0" (from pytest)
  Using cached https://files.pythonhosted.org/packages/69/cb/f5be453359271714c01b9bd06126eaf2e368f1fddfff30818754b5ac2328/funcsigs-1.0.2-py2.py3-none-any.whl
Collecting atomicwrites>=1.0 (from pytest)
  Using cached https://files.pythonhosted.org/packages/0a/e8/cd6375e7a59664eeea9e1c77a766eeac0fc3083bb958c2b41ec46b95f29c/atomicwrites-1.1.5-py2.py3-none-any.whl
Collecting py>=1.5.0 (from pytest)
  Using cached https://files.pythonhosted.org/packages/f3/bd/83369ff2dee18f22f27d16b78dd651e8939825af5f8b0b83c38729069962/py-1.5.4-py2.py3-none-any.whl
Collecting six>=1.10.0 (from pytest)
  Using cached https://files.pythonhosted.org/packages/67/4b/141a581104b1f6397bfa78ac9d43d8ad29a7ca43ea90a2d863fe3056e86a/six-1.11.0-py2.py3-none-any.whl
Collecting pathlib2>=2.2.0; python_version < "3.6" (from pytest)
  Using cached https://files.pythonhosted.org/packages/66/a7/9f8d84f31728d78beade9b1271ccbfb290c41c1e4dc13dbd4997ad594dcd/pathlib2-2.3.2-py2.py3-none-any.whl
Collecting pbr>=0.11 (from mock)
  Using cached https://files.pythonhosted.org/packages/69/1c/98cba002ed975a91a0294863d9c774cc0ebe38e05bbb65e83314550b1677/pbr-4.2.0-py2.py3-none-any.whl
Collecting scandir; python_version < "3.5" (from pathlib2>=2.2.0; python_version < "3.6"->pytest)
Installing collected packages: coverage, cov-core, six, more-itertools, attrs, pluggy, funcsigs, atomicwrites, py, scandir, pathlib2, pytest, pytest-cov, pbr, mock
Successfully installed atomicwrites-1.1.5 attrs-18.1.0 cov-core-1.15.0 coverage-4.5.1 funcsigs-1.0.2 mock-2.0.0 more-itertools-4.3.0 pathlib2-2.3.2 pbr-4.2.0 pluggy-0.7.1 py-1.5.4 pytest-3.7.1 pytest-cov-2.5.1 scandir-1.8 six-1.11.0
