actionid: py37
msg: getenv
cmdargs: ['/Users/rubelwi/projects/github/cloudformation-validator/.tox/py37/bin/pip', 'install', 'cov-core', 'pytest', 'pytest-cov', 'mock']

Collecting cov-core
Collecting pytest
  Using cached https://files.pythonhosted.org/packages/d2/86/7b9513da923b94e48c2cf013ae4eae8184a36ebeb7fe27d386bc3db4f56f/pytest-3.7.1-py2.py3-none-any.whl
Collecting pytest-cov
  Using cached https://files.pythonhosted.org/packages/30/7d/7f6a78ae44a1248ee28cc777586c18b28a1df903470e5d34a6e25712b8aa/pytest_cov-2.5.1-py2.py3-none-any.whl
Collecting mock
  Using cached https://files.pythonhosted.org/packages/e6/35/f187bdf23be87092bd0f1200d43d23076cee4d0dec109f195173fd3ebc79/mock-2.0.0-py2.py3-none-any.whl
Collecting coverage>=3.6 (from cov-core)
  Using cached https://files.pythonhosted.org/packages/c7/d0/337673c08f5b0cc7ada3dfe2a998ae8a97d482722045644be3d79bbcbe05/coverage-4.5.1-cp37-cp37m-macosx_10_13_x86_64.whl
Collecting attrs>=17.4.0 (from pytest)
  Using cached https://files.pythonhosted.org/packages/41/59/cedf87e91ed541be7957c501a92102f9cc6363c623a7666d69d51c78ac5b/attrs-18.1.0-py2.py3-none-any.whl
Collecting py>=1.5.0 (from pytest)
  Using cached https://files.pythonhosted.org/packages/f3/bd/83369ff2dee18f22f27d16b78dd651e8939825af5f8b0b83c38729069962/py-1.5.4-py2.py3-none-any.whl
Requirement already satisfied: setuptools in ./.tox/py37/lib/python3.7/site-packages (from pytest) (40.0.0)
Collecting atomicwrites>=1.0 (from pytest)
  Using cached https://files.pythonhosted.org/packages/0a/e8/cd6375e7a59664eeea9e1c77a766eeac0fc3083bb958c2b41ec46b95f29c/atomicwrites-1.1.5-py2.py3-none-any.whl
Collecting pluggy>=0.7 (from pytest)
  Using cached https://files.pythonhosted.org/packages/f5/f1/5a93c118663896d83f7bcbfb7f657ce1d0c0d617e6b4a443a53abcc658ca/pluggy-0.7.1-py2.py3-none-any.whl
Collecting six>=1.10.0 (from pytest)
  Using cached https://files.pythonhosted.org/packages/67/4b/141a581104b1f6397bfa78ac9d43d8ad29a7ca43ea90a2d863fe3056e86a/six-1.11.0-py2.py3-none-any.whl
Collecting more-itertools>=4.0.0 (from pytest)
  Using cached https://files.pythonhosted.org/packages/79/b1/eace304ef66bd7d3d8b2f78cc374b73ca03bc53664d78151e9df3b3996cc/more_itertools-4.3.0-py3-none-any.whl
Collecting pbr>=0.11 (from mock)
  Using cached https://files.pythonhosted.org/packages/69/1c/98cba002ed975a91a0294863d9c774cc0ebe38e05bbb65e83314550b1677/pbr-4.2.0-py2.py3-none-any.whl
Installing collected packages: coverage, cov-core, attrs, py, atomicwrites, pluggy, six, more-itertools, pytest, pytest-cov, pbr, mock
Successfully installed atomicwrites-1.1.5 attrs-18.1.0 cov-core-1.15.0 coverage-4.5.1 mock-2.0.0 more-itertools-4.3.0 pbr-4.2.0 pluggy-0.7.1 py-1.5.4 pytest-3.7.1 pytest-cov-2.5.1 six-1.11.0
